[2019-05-05T20:39:12.632] [INFO] default - Express HTTPS server listening on port 12700
[2019-05-05T20:39:23.120] [INFO] default - Express HTTPS server listening on port 12700
[2019-05-05T20:39:26.510] [INFO] default - Express HTTPS server listening on port 12700
[2019-05-05T20:39:30.924] [INFO] default - Express HTTPS server listening on port 12700
[2019-05-05T20:39:35.994] [INFO] default - Express HTTPS server listening on port 12700
[2019-05-05T20:39:41.730] [INFO] default - { PORT: 12700,
  COOKIE_SECRET: 'sss',
  APP_NAME: 'NijiuraDeck',
  SITE_URL: 'https://127.0.0.1:12700',
  TW_CK: 'YOUR',
  TW_CS: 'YOUR' }
[2019-05-05T20:39:41.738] [INFO] default - Express HTTPS server listening on port 12700
[2019-05-05T20:39:45.408] [INFO] default - { PORT: 12700,
  COOKIE_SECRET: 'sss',
  APP_NAME: 'NijiuraDeck',
  SITE_URL: 'https://127.0.0.1:12700',
  TW_CK: 'YOUR',
  TW_CS: 'YOUR' }
[2019-05-05T20:39:45.415] [INFO] default - Express HTTPS server listening on port 12700
[2019-05-05T20:39:53.920] [INFO] default - { PORT: 12700,
  COOKIE_SECRET: 'sss',
  APP_NAME: 'NijiuraDeck',
  SITE_URL: 'https://127.0.0.1:12700',
  TW_CK: 'YOUR',
  TW_CS: 'YOUR' }
[2019-05-05T20:39:53.930] [INFO] default - Express HTTPS server listening on port 12700
