[2019-05-06T13:05:38.282] [INFO] default - { PORT: 12700, APP_NAME: 'NijiuraDeck' }
[2019-05-06T13:05:38.555] [INFO] default - Express HTTPS server listening on port 12700
[2019-05-06T13:05:48.903] [INFO] default - { PORT: 12700, APP_NAME: 'NijiuraDeck' }
[2019-05-06T13:05:49.183] [INFO] default - Express HTTPS server listening on port 12700
[2019-05-06T13:08:31.832] [INFO] default - { PORT: 12700, APP_NAME: 'NijiuraDeck' }
[2019-05-06T13:08:32.121] [INFO] default - Express HTTPS server listening on port 12700
[2019-05-06T13:19:54.746] [INFO] default - { PORT: 12700, APP_NAME: 'NijiuraDeck' }
[2019-05-06T13:19:55.028] [INFO] default - Express HTTPS server listening on port 12700
[2019-05-06T13:34:05.176] [INFO] default - { PROTOCOL: 'http',
  DOMAIN: 'localhost',
  PORT: 12700,
  APP_NAME: 'NijiuraDeck' }
[2019-05-06T13:34:05.459] [INFO] default - Express HTTPS server listening on port 12700
[2019-05-06T13:36:19.272] [INFO] default - { PROTOCOL: 'http',
  DOMAIN: 'localhost',
  PORT: 12700,
  APP_NAME: 'NijiuraDeck' }
[2019-05-06T13:36:19.547] [INFO] default - Express HTTPS server listening on port 12700
[2019-05-06T13:36:23.303] [INFO] default - { PROTOCOL: 'http',
  DOMAIN: 'localhost',
  PORT: 12700,
  APP_NAME: 'NijiuraDeck' }
[2019-05-06T13:36:23.569] [INFO] default - Express HTTPS server listening on port 12700
[2019-05-06T13:45:17.373] [INFO] default - { PROTOCOL: 'http',
  DOMAIN: 'localhost',
  PORT: 12700,
  APP_NAME: 'NijiuraDeck' }
[2019-05-06T13:45:17.665] [INFO] default - Express HTTPS server listening on port 12700
[2019-05-06T14:00:42.358] [INFO] default - { PROTOCOL: 'http',
  DOMAIN: 'localhost',
  PORT: 12700,
  APP_NAME: 'NijiuraDeck' }
[2019-05-06T14:00:42.635] [INFO] default - Express HTTPS server listening on port 12700
[2019-05-06T14:19:44.490] [INFO] default - { PROTOCOL: 'http',
  DOMAIN: 'localhost',
  PORT: 12700,
  APP_NAME: 'NijiuraDeck' }
[2019-05-06T14:19:44.777] [INFO] default - Express HTTPS server listening on port 12700
[2019-05-06T14:29:36.968] [INFO] default - { PROTOCOL: 'http',
  DOMAIN: 'localhost',
  PORT: 12700,
  APP_NAME: 'NijiuraDeck' }
[2019-05-06T14:29:37.254] [INFO] default - Express HTTPS server listening on port 12700
[2019-05-06T14:29:50.384] [INFO] default - { PROTOCOL: 'http',
  DOMAIN: 'localhost',
  PORT: 12700,
  APP_NAME: 'NijiuraDeck' }
[2019-05-06T14:29:50.718] [INFO] default - Express HTTPS server listening on port 12700
[2019-05-06T14:29:53.305] [INFO] default - { PROTOCOL: 'http',
  DOMAIN: 'localhost',
  PORT: 12700,
  APP_NAME: 'NijiuraDeck' }
[2019-05-06T14:29:53.593] [INFO] default - Express HTTPS server listening on port 12700
[2019-05-06T14:29:56.503] [INFO] default - { PROTOCOL: 'http',
  DOMAIN: 'localhost',
  PORT: 12700,
  APP_NAME: 'NijiuraDeck' }
[2019-05-06T14:29:56.797] [INFO] default - Express HTTPS server listening on port 12700
[2019-05-06T14:29:58.672] [INFO] default - { PROTOCOL: 'http',
  DOMAIN: 'localhost',
  PORT: 12700,
  APP_NAME: 'NijiuraDeck' }
[2019-05-06T14:29:58.938] [INFO] default - Express HTTPS server listening on port 12700
[2019-05-06T14:41:05.769] [INFO] default - { PROTOCOL: 'http',
  DOMAIN: 'localhost',
  PORT: 12700,
  APP_NAME: 'NijiuraDeck' }
[2019-05-06T14:41:06.077] [INFO] default - Express HTTPS server listening on port 12700
[2019-05-06T15:34:00.763] [INFO] default - { PROTOCOL: 'http',
  DOMAIN: 'localhost',
  PORT: 12700,
  APP_NAME: 'NijiuraDeck' }
[2019-05-06T15:34:01.039] [INFO] default - Express HTTPS server listening on port 12700
[2019-05-06T15:34:06.582] [INFO] default - [43mreq.query ====> [49m
[2019-05-06T15:34:06.582] [INFO] default - { sort: '3' }
[2019-05-06T15:34:06.583] [INFO] default - [44mreq.params ====> [49m
[2019-05-06T15:34:06.583] [INFO] default - { sort: '3', boardType: 'MAY', user: undefined }
[2019-05-06T15:34:06.583] [INFO] default - [45mreq.body ====> [49m
[2019-05-06T15:34:06.583] [INFO] default - {}
[2019-05-06T16:19:02.804] [INFO] default - [43mreq.query ====> [49m
[2019-05-06T16:19:02.804] [INFO] default - { sort: '3' }
[2019-05-06T16:19:02.804] [INFO] default - [44mreq.params ====> [49m
[2019-05-06T16:19:02.805] [INFO] default - { sort: '3', boardType: 'MAY', user: undefined }
[2019-05-06T16:19:02.805] [INFO] default - [45mreq.body ====> [49m
[2019-05-06T16:19:02.805] [INFO] default - {}
[2019-05-06T16:19:35.086] [INFO] default - [43mreq.query ====> [49m
[2019-05-06T16:19:35.086] [INFO] default - { sort: '3' }
[2019-05-06T16:19:35.086] [INFO] default - [44mreq.params ====> [49m
[2019-05-06T16:19:35.086] [INFO] default - { sort: '3', boardType: 'MAY', user: undefined }
[2019-05-06T16:19:35.086] [INFO] default - [45mreq.body ====> [49m
[2019-05-06T16:19:35.086] [INFO] default - {}
[2019-05-06T16:29:11.269] [INFO] default - { PROTOCOL: 'http',
  DOMAIN: 'localhost',
  PORT: 12700,
  APP_NAME: 'NijiuraDeck' }
[2019-05-06T16:29:11.558] [INFO] default - Express HTTPS server listening on port 12700
[2019-05-06T16:35:25.508] [INFO] default - { PROTOCOL: 'http',
  DOMAIN: 'localhost',
  PORT: 12700,
  APP_NAME: 'NijiuraDeck' }
[2019-05-06T16:35:26.621] [INFO] default - Express HTTPS server listening on port 12700
[2019-05-06T16:36:13.737] [INFO] default - [43mreq.query ====> [49m
[2019-05-06T16:36:13.737] [INFO] default - { sort: '3' }
[2019-05-06T16:36:13.737] [INFO] default - [44mreq.params ====> [49m
[2019-05-06T16:36:13.737] [INFO] default - { sort: '3', boardType: 'MAY', user: undefined }
[2019-05-06T16:36:13.737] [INFO] default - [45mreq.body ====> [49m
[2019-05-06T16:36:13.738] [INFO] default - {}
[2019-05-06T16:37:15.298] [INFO] default - [43mreq.query ====> [49m
[2019-05-06T16:37:15.298] [INFO] default - { sort: '3' }
[2019-05-06T16:37:15.298] [INFO] default - [44mreq.params ====> [49m
[2019-05-06T16:37:15.298] [INFO] default - { sort: '3', boardType: 'MAY', user: undefined }
[2019-05-06T16:37:15.298] [INFO] default - [45mreq.body ====> [49m
[2019-05-06T16:37:15.298] [INFO] default - {}
[2019-05-06T16:39:28.264] [INFO] default - [43mreq.query ====> [49m
[2019-05-06T16:39:28.265] [INFO] default - { sort: '3' }
[2019-05-06T16:39:28.265] [INFO] default - [44mreq.params ====> [49m
[2019-05-06T16:39:28.265] [INFO] default - { sort: '3', boardType: 'MAY', user: undefined }
[2019-05-06T16:39:28.265] [INFO] default - [45mreq.body ====> [49m
[2019-05-06T16:39:28.265] [INFO] default - {}
[2019-05-06T16:45:49.269] [INFO] default - [43mreq.query ====> [49m
[2019-05-06T16:45:49.269] [INFO] default - { sort: '3' }
[2019-05-06T16:45:49.270] [INFO] default - [44mreq.params ====> [49m
[2019-05-06T16:45:49.270] [INFO] default - { sort: '3', boardType: 'MAY', user: undefined }
[2019-05-06T16:45:49.270] [INFO] default - [45mreq.body ====> [49m
[2019-05-06T16:45:49.270] [INFO] default - {}
[2019-05-06T16:47:15.542] [INFO] default - [43mreq.query ====> [49m
[2019-05-06T16:47:15.542] [INFO] default - { sort: '3' }
[2019-05-06T16:47:15.542] [INFO] default - [44mreq.params ====> [49m
[2019-05-06T16:47:15.543] [INFO] default - { sort: '3', boardType: 'MAY', user: undefined }
[2019-05-06T16:47:15.543] [INFO] default - [45mreq.body ====> [49m
[2019-05-06T16:47:15.543] [INFO] default - {}
[2019-05-06T16:47:36.926] [INFO] default - [43mreq.query ====> [49m
[2019-05-06T16:47:36.926] [INFO] default - { sort: '3' }
[2019-05-06T16:47:36.926] [INFO] default - [44mreq.params ====> [49m
[2019-05-06T16:47:36.926] [INFO] default - { sort: '3', boardType: 'MAY', user: undefined }
[2019-05-06T16:47:36.926] [INFO] default - [45mreq.body ====> [49m
[2019-05-06T16:47:36.926] [INFO] default - {}
[2019-05-06T16:48:46.667] [INFO] default - [43mreq.query ====> [49m
[2019-05-06T16:48:46.667] [INFO] default - { sort: '3' }
[2019-05-06T16:48:46.667] [INFO] default - [44mreq.params ====> [49m
[2019-05-06T16:48:46.667] [INFO] default - { sort: '3', boardType: 'MAY', user: undefined }
[2019-05-06T16:48:46.668] [INFO] default - [45mreq.body ====> [49m
[2019-05-06T16:48:46.668] [INFO] default - {}
[2019-05-06T16:52:21.230] [INFO] default - [43mreq.query ====> [49m
[2019-05-06T16:52:21.231] [INFO] default - { sort: '3' }
[2019-05-06T16:52:21.231] [INFO] default - [44mreq.params ====> [49m
[2019-05-06T16:52:21.231] [INFO] default - { sort: '3', boardType: 'MAY', user: undefined }
[2019-05-06T16:52:21.231] [INFO] default - [45mreq.body ====> [49m
[2019-05-06T16:52:21.231] [INFO] default - {}
[2019-05-06T16:55:01.484] [INFO] default - [43mreq.query ====> [49m
[2019-05-06T16:55:01.484] [INFO] default - { sort: '3' }
[2019-05-06T16:55:01.484] [INFO] default - [44mreq.params ====> [49m
[2019-05-06T16:55:01.484] [INFO] default - { sort: '3', boardType: 'MAY', user: undefined }
[2019-05-06T16:55:01.484] [INFO] default - [45mreq.body ====> [49m
[2019-05-06T16:55:01.484] [INFO] default - {}
[2019-05-06T16:55:03.865] [INFO] default - [43mreq.query ====> [49m
[2019-05-06T16:55:03.866] [INFO] default - { sort: '3' }
[2019-05-06T16:55:03.866] [INFO] default - [44mreq.params ====> [49m
[2019-05-06T16:55:03.866] [INFO] default - { sort: '3', boardType: 'MAY', user: undefined }
[2019-05-06T16:55:03.866] [INFO] default - [45mreq.body ====> [49m
[2019-05-06T16:55:03.866] [INFO] default - {}
[2019-05-06T16:55:06.770] [INFO] default - [43mreq.query ====> [49m
[2019-05-06T16:55:06.771] [INFO] default - { sort: '3' }
[2019-05-06T16:55:06.771] [INFO] default - [44mreq.params ====> [49m
[2019-05-06T16:55:06.771] [INFO] default - { sort: '3', boardType: 'MAY', user: undefined }
[2019-05-06T16:55:06.771] [INFO] default - [45mreq.body ====> [49m
[2019-05-06T16:55:06.771] [INFO] default - {}
[2019-05-06T16:55:11.246] [INFO] default - [43mreq.query ====> [49m
[2019-05-06T16:55:11.246] [INFO] default - { sort: '3' }
[2019-05-06T16:55:11.246] [INFO] default - [44mreq.params ====> [49m
[2019-05-06T16:55:11.246] [INFO] default - { sort: '3', boardType: 'MAY', user: undefined }
[2019-05-06T16:55:11.246] [INFO] default - [45mreq.body ====> [49m
[2019-05-06T16:55:11.246] [INFO] default - {}
[2019-05-06T16:55:21.364] [INFO] default - [43mreq.query ====> [49m
[2019-05-06T16:55:21.364] [INFO] default - { sort: '3' }
[2019-05-06T16:55:21.364] [INFO] default - [44mreq.params ====> [49m
[2019-05-06T16:55:21.364] [INFO] default - { sort: '3', boardType: 'MAY', user: undefined }
[2019-05-06T16:55:21.364] [INFO] default - [45mreq.body ====> [49m
[2019-05-06T16:55:21.364] [INFO] default - {}
[2019-05-06T16:57:14.161] [INFO] default - [43mreq.query ====> [49m
[2019-05-06T16:57:14.162] [INFO] default - { sort: '3' }
[2019-05-06T16:57:14.162] [INFO] default - [44mreq.params ====> [49m
[2019-05-06T16:57:14.162] [INFO] default - { sort: '3', boardType: 'MAY', user: undefined }
[2019-05-06T16:57:14.162] [INFO] default - [45mreq.body ====> [49m
[2019-05-06T16:57:14.162] [INFO] default - {}
[2019-05-06T17:04:02.275] [INFO] default - [43mreq.query ====> [49m
[2019-05-06T17:04:02.276] [INFO] default - { sort: '3' }
[2019-05-06T17:04:02.276] [INFO] default - [44mreq.params ====> [49m
[2019-05-06T17:04:02.276] [INFO] default - { sort: '3', boardType: 'MAY', user: undefined }
[2019-05-06T17:04:02.276] [INFO] default - [45mreq.body ====> [49m
[2019-05-06T17:04:02.276] [INFO] default - {}
[2019-05-06T17:04:43.584] [INFO] default - [43mreq.query ====> [49m
[2019-05-06T17:04:43.584] [INFO] default - { sort: '3' }
[2019-05-06T17:04:43.585] [INFO] default - [44mreq.params ====> [49m
[2019-05-06T17:04:43.585] [INFO] default - { sort: '3', boardType: 'MAY', user: undefined }
[2019-05-06T17:04:43.585] [INFO] default - [45mreq.body ====> [49m
[2019-05-06T17:04:43.585] [INFO] default - {}
[2019-05-06T17:22:37.269] [INFO] default - { PROTOCOL: 'http',
  DOMAIN: 'localhost',
  PORT: 12700,
  APP_NAME: 'NijiuraDeck' }
[2019-05-06T17:22:37.538] [INFO] default - Express HTTPS server listening on port 12700
[2019-05-06T17:22:39.668] [INFO] default - { PROTOCOL: 'http',
  DOMAIN: 'localhost',
  PORT: 12700,
  APP_NAME: 'NijiuraDeck' }
[2019-05-06T17:22:40.034] [INFO] default - Express HTTPS server listening on port 12700
[2019-05-06T17:22:49.458] [INFO] default - { PROTOCOL: 'http',
  DOMAIN: 'localhost',
  PORT: 12700,
  APP_NAME: 'NijiuraDeck' }
[2019-05-06T17:22:49.750] [INFO] default - Express HTTPS server listening on port 12700
[2019-05-06T17:22:55.331] [INFO] default - [43mreq.query ====> [49m
[2019-05-06T17:22:55.331] [INFO] default - { sort: '3' }
[2019-05-06T17:22:55.332] [INFO] default - [44mreq.params ====> [49m
[2019-05-06T17:22:55.332] [INFO] default - { sort: '3', boardType: 'MAY', user: undefined }
[2019-05-06T17:22:55.332] [INFO] default - [45mreq.body ====> [49m
[2019-05-06T17:22:55.332] [INFO] default - {}
[2019-05-06T17:23:31.166] [INFO] default - { PROTOCOL: 'http',
  DOMAIN: 'localhost',
  PORT: 12700,
  APP_NAME: 'NijiuraDeck' }
[2019-05-06T17:23:31.444] [INFO] default - Express HTTPS server listening on port 12700
[2019-05-06T17:25:06.957] [INFO] default - [43mreq.query ====> [49m
[2019-05-06T17:25:06.957] [INFO] default - { sort: '3' }
[2019-05-06T17:25:06.957] [INFO] default - [44mreq.params ====> [49m
[2019-05-06T17:25:06.957] [INFO] default - { sort: '3', boardType: 'MAY', user: undefined }
[2019-05-06T17:25:06.958] [INFO] default - [45mreq.body ====> [49m
[2019-05-06T17:25:06.958] [INFO] default - {}
[2019-05-06T17:25:23.971] [INFO] default - [43mreq.query ====> [49m
[2019-05-06T17:25:23.971] [INFO] default - { sort: '3' }
[2019-05-06T17:25:23.971] [INFO] default - [44mreq.params ====> [49m
[2019-05-06T17:25:23.972] [INFO] default - { sort: '3', boardType: 'MAY', user: undefined }
[2019-05-06T17:25:23.972] [INFO] default - [45mreq.body ====> [49m
[2019-05-06T17:25:23.972] [INFO] default - {}
[2019-05-06T17:30:19.967] [INFO] default - [43mreq.query ====> [49m
[2019-05-06T17:30:19.967] [INFO] default - { sort: '3' }
[2019-05-06T17:30:19.968] [INFO] default - [44mreq.params ====> [49m
[2019-05-06T17:30:19.968] [INFO] default - { sort: '3', boardType: 'MAY', user: undefined }
[2019-05-06T17:30:19.968] [INFO] default - [45mreq.body ====> [49m
[2019-05-06T17:30:19.968] [INFO] default - {}
[2019-05-06T17:30:58.638] [INFO] default - { PROTOCOL: 'http',
  DOMAIN: 'localhost',
  PORT: 12700,
  APP_NAME: 'NijiuraDeck' }
[2019-05-06T17:30:58.909] [INFO] default - Express HTTPS server listening on port 12700
[2019-05-06T17:31:02.213] [INFO] default - [43mreq.query ====> [49m
[2019-05-06T17:31:02.213] [INFO] default - { sort: '3' }
[2019-05-06T17:31:02.213] [INFO] default - [44mreq.params ====> [49m
[2019-05-06T17:31:02.213] [INFO] default - { sort: '3', boardType: 'MAY', user: undefined }
[2019-05-06T17:31:02.214] [INFO] default - [45mreq.body ====> [49m
[2019-05-06T17:31:02.214] [INFO] default - {}
[2019-05-06T17:31:16.554] [INFO] default - { PROTOCOL: 'http',
  DOMAIN: 'localhost',
  PORT: 12700,
  APP_NAME: 'NijiuraDeck' }
[2019-05-06T17:31:16.817] [INFO] default - Express HTTPS server listening on port 12700
[2019-05-06T17:31:19.649] [INFO] default - [43mreq.query ====> [49m
[2019-05-06T17:31:19.649] [INFO] default - { sort: '3' }
[2019-05-06T17:31:19.650] [INFO] default - [44mreq.params ====> [49m
[2019-05-06T17:31:19.650] [INFO] default - { sort: '3', boardType: 'MAY', user: undefined }
[2019-05-06T17:31:19.650] [INFO] default - [45mreq.body ====> [49m
[2019-05-06T17:31:19.650] [INFO] default - {}
[2019-05-06T17:31:55.944] [INFO] default - { PROTOCOL: 'http',
  DOMAIN: 'localhost',
  PORT: 12700,
  APP_NAME: 'NijiuraDeck' }
[2019-05-06T17:31:56.206] [INFO] default - Express HTTPS server listening on port 12700
[2019-05-06T17:32:00.644] [INFO] default - [43mreq.query ====> [49m
[2019-05-06T17:32:00.644] [INFO] default - { sort: '3' }
[2019-05-06T17:32:00.644] [INFO] default - [44mreq.params ====> [49m
[2019-05-06T17:32:00.645] [INFO] default - { sort: '3', boardType: 'MAY', user: undefined }
[2019-05-06T17:32:00.645] [INFO] default - [45mreq.body ====> [49m
[2019-05-06T17:32:00.645] [INFO] default - {}
